# JRE version: Java(TM) SE Runtime Environment 18.9 (11.0.18+9) (build 11.0.18+9-LTS-195)
# Java VM: Java HotSpot(TM) 64-Bit Server VM 18.9 (11.0.18+9-LTS-195, mixed mode, tiered, compressed oops, g1 gc, windows-amd64)
Heap:
 garbage-first heap   total 258048K, used 49575K [0x00000000c0000000, 0x0000000100000000)
  region size 1024K, 34 young (34816K), 7 survivors (7168K)
 Metaspace       used 38078K, capacity 39229K, committed 39472K, reserved 1083392K
  class space    used 5142K, capacity 5703K, committed 5760K, reserved 1048576K
GC Heap History (10 events):
Event: 0.207 GC heap before
{Heap before GC invocations=0 (full 0):
 garbage-first heap   total 258048K, used 26624K [0x00000000c0000000, 0x0000000100000000)
  region size 1024K, 24 young (24576K), 0 survivors (0K)
 Metaspace       used 6704K, capacity 6820K, committed 7040K, reserved 1056768K
  class space    used 548K, capacity 592K, committed 640K, reserved 1048576K
}
Event: 0.212 GC heap after
{Heap after GC invocations=1 (full 0):
 garbage-first heap   total 258048K, used 15372K [0x00000000c0000000, 0x0000000100000000)
  region size 1024K, 3 young (3072K), 3 survivors (3072K)
 Metaspace       used 6704K, capacity 6820K, committed 7040K, reserved 1056768K
  class space    used 548K, capacity 592K, committed 640K, reserved 1048576K
}
Event: 0.443 GC heap before
{Heap before GC invocations=1 (full 0):
 garbage-first heap   total 258048K, used 33804K [0x00000000c0000000, 0x0000000100000000)
  region size 1024K, 22 young (22528K), 3 survivors (3072K)
 Metaspace       used 11964K, capacity 12045K, committed 12288K, reserved 1060864K
  class space    used 1379K, capacity 1424K, committed 1536K, reserved 1048576K
}
Event: 0.444 GC heap after
{Heap after GC invocations=2 (full 0):
 garbage-first heap   total 258048K, used 16801K [0x00000000c0000000, 0x0000000100000000)
  region size 1024K, 1 young (1024K), 1 survivors (1024K)
 Metaspace       used 11964K, capacity 12045K, committed 12288K, reserved 1060864K
  class space    used 1379K, capacity 1424K, committed 1536K, reserved 1048576K
}
Event: 7.506 GC heap before
{Heap before GC invocations=2 (full 0):
 garbage-first heap   total 258048K, used 53665K [0x00000000c0000000, 0x0000000100000000)
  region size 1024K, 38 young (38912K), 1 survivors (1024K)
 Metaspace       used 20651K, capacity 21122K, committed 21296K, reserved 1067008K
  class space    used 2642K, capacity 2838K, committed 2944K, reserved 1048576K
}
Event: 7.510 GC heap after
{Heap after GC invocations=3 (full 0):
 garbage-first heap   total 258048K, used 19769K [0x00000000c0000000, 0x0000000100000000)
  region size 1024K, 4 young (4096K), 4 survivors (4096K)
 Metaspace       used 20651K, capacity 21122K, committed 21296K, reserved 1067008K
  class space    used 2642K, capacity 2838K, committed 2944K, reserved 1048576K
}
Event: 8.290 GC heap before
{Heap before GC invocations=4 (full 0):
 garbage-first heap   total 258048K, used 75065K [0x00000000c0000000, 0x0000000100000000)
  region size 1024K, 59 young (60416K), 4 survivors (4096K)
 Metaspace       used 29509K, capacity 30321K, committed 30384K, reserved 1075200K
  class space    used 3919K, capacity 4305K, committed 4352K, reserved 1048576K
}
Event: 8.292 GC heap after
{Heap after GC invocations=5 (full 0):
 garbage-first heap   total 258048K, used 22177K [0x00000000c0000000, 0x0000000100000000)
  region size 1024K, 7 young (7168K), 7 survivors (7168K)
 Metaspace       used 29509K, capacity 30321K, committed 30384K, reserved 1075200K
  class space    used 3919K, capacity 4305K, committed 4352K, reserved 1048576K
}
Event: 8.788 GC heap before
{Heap before GC invocations=5 (full 0):
 garbage-first heap   total 258048K, used 61089K [0x00000000c0000000, 0x0000000100000000)
  region size 1024K, 47 young (48128K), 7 survivors (7168K)
 Metaspace       used 34761K, capacity 35743K, committed 35888K, reserved 1079296K
  class space    used 4652K, capacity 5132K, committed 5248K, reserved 1048576K
}
Event: 8.793 GC heap after
{Heap after GC invocations=6 (full 0):
 garbage-first heap   total 258048K, used 22951K [0x00000000c0000000, 0x0000000100000000)
  region size 1024K, 7 young (7168K), 7 survivors (7168K)
 Metaspace       used 34761K, capacity 35743K, committed 35888K, reserved 1079296K
  class space    used 4652K, capacity 5132K, committed 5248K, reserved 1048576K
}

