# JRE version: Java(TM) SE Runtime Environment 18.9 (11.0.18+9) (build 11.0.18+9-LTS-195)
# Java VM: Java HotSpot(TM) 64-Bit Server VM 18.9 (11.0.18+9-LTS-195, mixed mode, tiered, compressed oops, g1 gc, windows-amd64)
Heap:
 garbage-first heap   total 258048K, used 39270K [0x00000000c0000000, 0x0000000100000000)
  region size 1024K, 25 young (25600K), 8 survivors (8192K)
 Metaspace       used 36770K, capacity 37900K, committed 38192K, reserved 1081344K
  class space    used 4914K, capacity 5445K, committed 5504K, reserved 1048576K
GC Heap History (10 events):
Event: 0.210 GC heap before
{Heap before GC invocations=0 (full 0):
 garbage-first heap   total 258048K, used 26624K [0x00000000c0000000, 0x0000000100000000)
  region size 1024K, 24 young (24576K), 0 survivors (0K)
 Metaspace       used 6904K, capacity 7012K, committed 7296K, reserved 1056768K
  class space    used 563K, capacity 592K, committed 640K, reserved 1048576K
}
Event: 0.214 GC heap after
{Heap after GC invocations=1 (full 0):
 garbage-first heap   total 258048K, used 15634K [0x00000000c0000000, 0x0000000100000000)
  region size 1024K, 3 young (3072K), 3 survivors (3072K)
 Metaspace       used 6904K, capacity 7012K, committed 7296K, reserved 1056768K
  class space    used 563K, capacity 592K, committed 640K, reserved 1048576K
}
Event: 0.417 GC heap before
{Heap before GC invocations=1 (full 0):
 garbage-first heap   total 258048K, used 36114K [0x00000000c0000000, 0x0000000100000000)
  region size 1024K, 23 young (23552K), 3 survivors (3072K)
 Metaspace       used 12901K, capacity 13089K, committed 13440K, reserved 1060864K
  class space    used 1498K, capacity 1540K, committed 1664K, reserved 1048576K
}
Event: 0.419 GC heap after
{Heap after GC invocations=2 (full 0):
 garbage-first heap   total 258048K, used 17933K [0x00000000c0000000, 0x0000000100000000)
  region size 1024K, 3 young (3072K), 3 survivors (3072K)
 Metaspace       used 12901K, capacity 13089K, committed 13440K, reserved 1060864K
  class space    used 1498K, capacity 1540K, committed 1664K, reserved 1048576K
}
Event: 5.821 GC heap before
{Heap before GC invocations=2 (full 0):
 garbage-first heap   total 258048K, used 51725K [0x00000000c0000000, 0x0000000100000000)
  region size 1024K, 37 young (37888K), 3 survivors (3072K)
 Metaspace       used 20658K, capacity 21123K, committed 21296K, reserved 1067008K
  class space    used 2642K, capacity 2838K, committed 2944K, reserved 1048576K
}
Event: 5.824 GC heap after
{Heap after GC invocations=3 (full 0):
 garbage-first heap   total 258048K, used 19553K [0x00000000c0000000, 0x0000000100000000)
  region size 1024K, 4 young (4096K), 4 survivors (4096K)
 Metaspace       used 20658K, capacity 21123K, committed 21296K, reserved 1067008K
  class space    used 2642K, capacity 2838K, committed 2944K, reserved 1048576K
}
Event: 6.652 GC heap before
{Heap before GC invocations=4 (full 0):
 garbage-first heap   total 258048K, used 101473K [0x00000000c0000000, 0x0000000100000000)
  region size 1024K, 84 young (86016K), 4 survivors (4096K)
 Metaspace       used 32075K, capacity 32972K, committed 33072K, reserved 1077248K
  class space    used 4255K, capacity 4697K, committed 4736K, reserved 1048576K
}
Event: 6.656 GC heap after
{Heap after GC invocations=5 (full 0):
 garbage-first heap   total 258048K, used 22456K [0x00000000c0000000, 0x0000000100000000)
  region size 1024K, 7 young (7168K), 7 survivors (7168K)
 Metaspace       used 32075K, capacity 32972K, committed 33072K, reserved 1077248K
  class space    used 4255K, capacity 4697K, committed 4736K, reserved 1048576K
}
Event: 6.758 GC heap before
{Heap before GC invocations=5 (full 0):
 garbage-first heap   total 258048K, used 35768K [0x00000000c0000000, 0x0000000100000000)
  region size 1024K, 21 young (21504K), 7 survivors (7168K)
 Metaspace       used 34763K, capacity 35743K, committed 35888K, reserved 1079296K
  class space    used 4651K, capacity 5132K, committed 5248K, reserved 1048576K
}
Event: 6.761 GC heap after
{Heap after GC invocations=6 (full 0):
 garbage-first heap   total 258048K, used 22886K [0x00000000c0000000, 0x0000000100000000)
  region size 1024K, 8 young (8192K), 8 survivors (8192K)
 Metaspace       used 34763K, capacity 35743K, committed 35888K, reserved 1079296K
  class space    used 4651K, capacity 5132K, committed 5248K, reserved 1048576K
}

